<?xml version="1.0" encoding="UTF-8"?>
<!-- Generated by org.testng.reporters.JUnitXMLReporter -->
<testsuite hostname="a45e60be183f.ant.amazon.com" name="Test-2" tests="4" failures="0" timestamp="13 Dec 2016 18:19:14 GMT" time="26.017" errors="0">
  <testcase name="googleSearchTests2" time="11.22" classname="testcases.GoogleSearchTests2"/>
  <testcase name="googleSearchTests2" time="3.724" classname="testcases.GoogleSearchTests2"/>
  <testcase name="googleSearchTests2" time="2.213" classname="testcases.GoogleSearchTests2"/>
  <testcase name="googleSearchTests2" time="2.322" classname="testcases.GoogleSearchTests2"/>
</testsuite> <!-- Test-2 -->
