<?xml version="1.0" encoding="UTF-8"?>
<!-- Generated by org.testng.reporters.JUnitXMLReporter -->
<testsuite hostname="a45e60be183f.ant.amazon.com" name="Test-3" tests="4" failures="0" timestamp="13 Dec 2016 18:19:11 GMT" time="9.616" errors="0">
  <testcase name="googleSearchTests3" time="2.439" classname="testcases.GoogleSearchTests3"/>
  <testcase name="googleSearchTests3" time="2.127" classname="testcases.GoogleSearchTests3"/>
  <testcase name="googleSearchTests3" time="1.719" classname="testcases.GoogleSearchTests3"/>
  <testcase name="googleSearchTests3" time="1.784" classname="testcases.GoogleSearchTests3"/>
</testsuite> <!-- Test-3 -->
