<?xml version="1.0" encoding="UTF-8"?>
<!-- Generated by org.testng.reporters.JUnitXMLReporter -->
<testsuite hostname="a45e60be183f.ant.amazon.com" name="Test-1" tests="4" failures="0" timestamp="13 Dec 2016 05:25:27 GMT" time="14.392" errors="0">
  <testcase name="testLoginLogout" time="2.79" classname="testcases.GoogleSearchTests"/>
  <testcase name="testLoginLogout" time="2.611" classname="testcases.GoogleSearchTests"/>
  <testcase name="testLoginLogout" time="2.455" classname="testcases.GoogleSearchTests"/>
  <testcase name="testLoginLogout" time="2.226" classname="testcases.GoogleSearchTests"/>
</testsuite> <!-- Test-1 -->
