<?xml version="1.0" encoding="UTF-8"?>
<!-- Generated by org.testng.reporters.JUnitReportReporter -->
<testsuite hostname="a45e60be183f.ant.amazon.com" name="testcases.GoogleSearchTestsHitFirstLink" tests="1" failures="0" timestamp="13 Dec 2016 01:17:50 GMT" time="4.843" errors="0">
  <testcase name="testLoginLogout2" time="4.843" classname="testcases.GoogleSearchTestsHitFirstLink"/>
</testsuite> <!-- testcases.GoogleSearchTestsHitFirstLink -->
