<?xml version="1.0" encoding="UTF-8"?>
<!-- Generated by org.testng.reporters.JUnitReportReporter -->
<testsuite hostname="a45e60be183f.ant.amazon.com" name="testcases.GoogleSearchTestsHitSecondLink" tests="1" failures="0" timestamp="13 Dec 2016 01:17:50 GMT" time="3.736" errors="0">
  <testcase name="testLoginLogout3" time="3.736" classname="testcases.GoogleSearchTestsHitSecondLink"/>
</testsuite> <!-- testcases.GoogleSearchTestsHitSecondLink -->
