<?xml version="1.0" encoding="UTF-8"?>
<!-- Generated by org.testng.reporters.JUnitReportReporter -->
<testsuite hostname="a45e60be183f.ant.amazon.com" name="testcases.GoogleSearchTests" tests="4" failures="0" timestamp="13 Dec 2016 18:19:35 GMT" time="10.288" errors="0">
  <testcase name="testLoginLogout" time="2.249" classname="testcases.GoogleSearchTests"/>
  <testcase name="testLoginLogout" time="2.191" classname="testcases.GoogleSearchTests"/>
  <testcase name="testLoginLogout" time="2.355" classname="testcases.GoogleSearchTests"/>
  <testcase name="testLoginLogout" time="3.493" classname="testcases.GoogleSearchTests"/>
</testsuite> <!-- testcases.GoogleSearchTests -->
