<?xml version="1.0" encoding="UTF-8"?>
<!-- Generated by org.testng.reporters.JUnitReportReporter -->
<testsuite hostname="a45e60be183f.ant.amazon.com" name="testcases.GoogleSearchTests3" tests="4" failures="0" timestamp="13 Dec 2016 05:25:54 GMT" time="9.402" errors="0">
  <testcase name="googleSearchTests3" time="2.923" classname="testcases.GoogleSearchTests3"/>
  <testcase name="googleSearchTests3" time="2.093" classname="testcases.GoogleSearchTests3"/>
  <testcase name="googleSearchTests3" time="2.533" classname="testcases.GoogleSearchTests3"/>
  <testcase name="googleSearchTests3" time="1.853" classname="testcases.GoogleSearchTests3"/>
</testsuite> <!-- testcases.GoogleSearchTests3 -->
