<?xml version="1.0" encoding="UTF-8"?>
<!-- Generated by org.testng.reporters.JUnitReportReporter -->
<testsuite hostname="a45e60be183f.ant.amazon.com" name="testcases.GoogleSearchTests2" tests="4" failures="0" timestamp="13 Dec 2016 05:25:54 GMT" time="17.744" errors="0">
  <testcase name="googleSearchTests2" time="8.713" classname="testcases.GoogleSearchTests2"/>
  <testcase name="googleSearchTests2" time="3.658" classname="testcases.GoogleSearchTests2"/>
  <testcase name="googleSearchTests2" time="3.271" classname="testcases.GoogleSearchTests2"/>
  <testcase name="googleSearchTests2" time="2.102" classname="testcases.GoogleSearchTests2"/>
</testsuite> <!-- testcases.GoogleSearchTests2 -->
