<?xml version="1.0" encoding="UTF-8"?>
<!-- Generated by org.testng.reporters.JUnitReportReporter -->
<testsuite hostname="a45e60be183f.ant.amazon.com" name="testcases.GoogleSearchTests4" tests="4" failures="0" timestamp="13 Dec 2016 18:19:35 GMT" time="19.311" errors="0">
  <testcase name="googleSearchTests4" time="11.974" classname="testcases.GoogleSearchTests4"/>
  <testcase name="googleSearchTests4" time="1.901" classname="testcases.GoogleSearchTests4"/>
  <testcase name="googleSearchTests4" time="1.772" classname="testcases.GoogleSearchTests4"/>
  <testcase name="googleSearchTests4" time="3.664" classname="testcases.GoogleSearchTests4"/>
</testsuite> <!-- testcases.GoogleSearchTests4 -->
