<?xml version="1.0" encoding="UTF-8"?>
<!-- Generated by org.testng.reporters.JUnitReportReporter -->
<testsuite hostname="a45e60be183f.ant.amazon.com" name="testcases.GoogleSearchTests4" tests="4" failures="0" timestamp="13 Dec 2016 05:25:54 GMT" time="13.015" errors="0">
  <testcase name="googleSearchTests4" time="3.608" classname="testcases.GoogleSearchTests4"/>
  <testcase name="googleSearchTests4" time="4.533" classname="testcases.GoogleSearchTests4"/>
  <testcase name="googleSearchTests4" time="2.594" classname="testcases.GoogleSearchTests4"/>
  <testcase name="googleSearchTests4" time="2.280" classname="testcases.GoogleSearchTests4"/>
</testsuite> <!-- testcases.GoogleSearchTests4 -->
